<?xml version="1.0" encoding="UTF-8"?>
<!-- Generated by org.testng.reporters.JUnitXMLReporter -->
<testsuite hostname="PredatorOnHunt" ignored="0" name="Default test" tests="16" failures="0" timestamp="2020-10-17T19:52:05 IST" time="31.934" errors="0">
  <testcase name="validLoginTest" time="3.624" classname="com.training.sanity.tests.LoginTests"/>
  <testcase name="clickOnCustomerIcon" time="0.276" classname="com.training.sanity.tests.LoginTests"/>
  <testcase name="clickOnCustomerLink" time="1.458" classname="com.training.sanity.tests.LoginTests"/>
  <testcase name="clickEditIconOfCustomer" time="0.86" classname="com.training.sanity.tests.LoginTests"/>
  <testcase name="clearFirstNameTextBoxClear" time="0.059" classname="com.training.sanity.tests.LoginTests"/>
  <testcase name="clearFirstNameTextBoxSendKeys" time="0.127" classname="com.training.sanity.tests.LoginTests"/>
  <testcase name="clickAddressTab" time="0.074" classname="com.training.sanity.tests.LoginTests"/>
  <testcase name="sendKeysPostCode" time="0.139" classname="com.training.sanity.tests.LoginTests"/>
  <testcase name="rewardsPointsTabClick" time="0.064" classname="com.training.sanity.tests.LoginTests"/>
  <testcase name="descriptionTextBox" time="0.085" classname="com.training.sanity.tests.LoginTests"/>
  <testcase name="pointsTextBox" time="0.06" classname="com.training.sanity.tests.LoginTests"/>
  <testcase name="addRewards" time="5.136" classname="com.training.sanity.tests.LoginTests"/>
  <testcase name="saveButton" time="1.199" classname="com.training.sanity.tests.LoginTests"/>
  <testcase name="reportsIcon" time="0.232" classname="com.training.sanity.tests.LoginTests"/>
  <testcase name="reportCustomersLink" time="0.243" classname="com.training.sanity.tests.LoginTests"/>
  <testcase name="clickRewardPointsFromReports" time="0.652" classname="com.training.sanity.tests.LoginTests"/>
</testsuite> <!-- Default test -->
